<?xml version="1.0" encoding="UTF-8"?>
<coverage generated="1749207640741" clover="3.2.0">
  <project timestamp="1749207640741" name="All files">
    <metrics statements="14" coveredstatements="13" conditionals="6" coveredconditionals="6" methods="5" coveredmethods="4" elements="25" coveredelements="23" complexity="0" loc="14" ncloc="14" packages="1" files="4" classes="4"/>
    <file name="cloneArray.js" path="C:\Users\hridyesh.sharma\OneDrive - InnovaSolutions\Work\Week3\testing_Node\js\cloneArray.js">
      <metrics statements="2" coveredstatements="2" conditionals="0" coveredconditionals="0" methods="1" coveredmethods="1"/>
      <line num="2" count="2" type="stmt"/>
      <line num="4" count="1" type="stmt"/>
    </file>
    <file name="discount.js" path="C:\Users\hridyesh.sharma\OneDrive - InnovaSolutions\Work\Week3\testing_Node\js\discount.js">
      <metrics statements="7" coveredstatements="7" conditionals="6" coveredconditionals="6" methods="1" coveredmethods="1"/>
      <line num="3" count="6" type="cond" truecount="4" falsecount="0"/>
      <line num="4" count="2" type="stmt"/>
      <line num="7" count="4" type="cond" truecount="2" falsecount="0"/>
      <line num="8" count="1" type="stmt"/>
      <line num="11" count="3" type="stmt"/>
      <line num="12" count="3" type="stmt"/>
      <line num="15" count="1" type="stmt"/>
    </file>
    <file name="subtract.js" path="C:\Users\hridyesh.sharma\OneDrive - InnovaSolutions\Work\Week3\testing_Node\js\subtract.js">
      <metrics statements="2" coveredstatements="2" conditionals="0" coveredconditionals="0" methods="1" coveredmethods="1"/>
      <line num="2" count="1" type="stmt"/>
      <line num="5" count="1" type="stmt"/>
    </file>
    <file name="sum.js" path="C:\Users\hridyesh.sharma\OneDrive - InnovaSolutions\Work\Week3\testing_Node\js\sum.js">
      <metrics statements="3" coveredstatements="2" conditionals="0" coveredconditionals="0" methods="2" coveredmethods="1"/>
      <line num="2" count="1" type="stmt"/>
      <line num="6" count="0" type="stmt"/>
      <line num="9" count="1" type="stmt"/>
    </file>
  </project>
</coverage>
