{"C:\\Users\\hridyesh.sharma\\OneDrive - InnovaSolutions\\Work\\Week3\\testing_Node\\js\\async_callbacks.js": {"path":"C:\\Users\\hridyesh.sharma\\OneDrive - InnovaSolutions\\Work\\Week3\\testing_Node\\js\\async_callbacks.js","statementMap":{"0":{"start":{"line":2,"column":2},"end":{"line":4,"column":11}},"1":{"start":{"line":3,"column":4},"end":{"line":3,"column":29}},"2":{"start":{"line":7,"column":0},"end":{"line":7,"column":27}}},"fnMap":{"0":{"name":"fetchData","decl":{"start":{"line":1,"column":9},"end":{"line":1,"column":18}},"loc":{"start":{"line":1,"column":29},"end":{"line":5,"column":1}},"line":1},"1":{"name":"(anonymous_1)","decl":{"start":{"line":2,"column":13},"end":{"line":2,"column":14}},"loc":{"start":{"line":2,"column":19},"end":{"line":4,"column":3}},"line":2}},"branchMap":{},"s":{"0":2,"1":2,"2":2},"f":{"0":2,"1":2},"b":{},"_coverageSchema":"1a1c01bbd47fc00a2c39e90264f33305004495a9","hash":"1fa2281d62ce19c1843e520a71b757cdb092322d"}
,"C:\\Users\\hridyesh.sharma\\OneDrive - InnovaSolutions\\Work\\Week3\\testing_Node\\js\\cloneArray.js": {"path":"C:\\Users\\hridyesh.sharma\\OneDrive - InnovaSolutions\\Work\\Week3\\testing_Node\\js\\cloneArray.js","statementMap":{"0":{"start":{"line":2,"column":4},"end":{"line":2,"column":21}},"1":{"start":{"line":4,"column":0},"end":{"line":4,"column":25}}},"fnMap":{"0":{"name":"cloneArray","decl":{"start":{"line":1,"column":9},"end":{"line":1,"column":19}},"loc":{"start":{"line":1,"column":26},"end":{"line":3,"column":1}},"line":1}},"branchMap":{},"s":{"0":2,"1":1},"f":{"0":2},"b":{},"_coverageSchema":"1a1c01bbd47fc00a2c39e90264f33305004495a9","hash":"7de236b2b96de6ac14c691371c903208e9b7f503"}
,"C:\\Users\\hridyesh.sharma\\OneDrive - InnovaSolutions\\Work\\Week3\\testing_Node\\js\\discount.js": {"path":"C:\\Users\\hridyesh.sharma\\OneDrive - InnovaSolutions\\Work\\Week3\\testing_Node\\js\\discount.js","statementMap":{"0":{"start":{"line":3,"column":2},"end":{"line":5,"column":3}},"1":{"start":{"line":4,"column":4},"end":{"line":4,"column":61}},"2":{"start":{"line":7,"column":2},"end":{"line":9,"column":3}},"3":{"start":{"line":8,"column":4},"end":{"line":8,"column":41}},"4":{"start":{"line":11,"column":24},"end":{"line":11,"column":50}},"5":{"start":{"line":12,"column":2},"end":{"line":12,"column":35}},"6":{"start":{"line":15,"column":0},"end":{"line":15,"column":35}}},"fnMap":{"0":{"name":"calculateDiscount","decl":{"start":{"line":2,"column":9},"end":{"line":2,"column":26}},"loc":{"start":{"line":2,"column":44},"end":{"line":13,"column":1}},"line":2}},"branchMap":{"0":{"loc":{"start":{"line":3,"column":2},"end":{"line":5,"column":3}},"type":"if","locations":[{"start":{"line":3,"column":2},"end":{"line":5,"column":3}},{"start":{},"end":{}}],"line":3},"1":{"loc":{"start":{"line":3,"column":5},"end":{"line":3,"column":24}},"type":"binary-expr","locations":[{"start":{"line":3,"column":5},"end":{"line":3,"column":12}},{"start":{"line":3,"column":14},"end":{"line":3,"column":24}}],"line":3},"2":{"loc":{"start":{"line":7,"column":2},"end":{"line":9,"column":3}},"type":"if","locations":[{"start":{"line":7,"column":2},"end":{"line":9,"column":3}},{"start":{},"end":{}}],"line":7}},"s":{"0":6,"1":2,"2":4,"3":1,"4":3,"5":3,"6":1},"f":{"0":6},"b":{"0":[2,4],"1":[6,5],"2":[1,3]},"_coverageSchema":"1a1c01bbd47fc00a2c39e90264f33305004495a9","hash":"0da5756d57634dc06a4cc592e55d8175c0801a74"}
,"C:\\Users\\hridyesh.sharma\\OneDrive - InnovaSolutions\\Work\\Week3\\testing_Node\\js\\error.jdk.js": {"path":"C:\\Users\\hridyesh.sharma\\OneDrive - InnovaSolutions\\Work\\Week3\\testing_Node\\js\\error.jdk.js","statementMap":{"0":{"start":{"line":2,"column":2},"end":{"line":2,"column":49}},"1":{"start":{"line":5,"column":0},"end":{"line":5,"column":26}}},"fnMap":{"0":{"name":"compileCode","decl":{"start":{"line":1,"column":9},"end":{"line":1,"column":20}},"loc":{"start":{"line":1,"column":23},"end":{"line":3,"column":1}},"line":1}},"branchMap":{},"s":{"0":1,"1":1},"f":{"0":1},"b":{},"_coverageSchema":"1a1c01bbd47fc00a2c39e90264f33305004495a9","hash":"9a1f58e29b5507879524aad85f4d98544fa5d86b"}
,"C:\\Users\\hridyesh.sharma\\OneDrive - InnovaSolutions\\Work\\Week3\\testing_Node\\js\\subtract.js": {"path":"C:\\Users\\hridyesh.sharma\\OneDrive - InnovaSolutions\\Work\\Week3\\testing_Node\\js\\subtract.js","statementMap":{"0":{"start":{"line":2,"column":4},"end":{"line":2,"column":14}},"1":{"start":{"line":5,"column":0},"end":{"line":5,"column":19}}},"fnMap":{"0":{"name":"sum","decl":{"start":{"line":1,"column":9},"end":{"line":1,"column":12}},"loc":{"start":{"line":1,"column":17},"end":{"line":3,"column":1}},"line":1}},"branchMap":{},"s":{"0":1,"1":1},"f":{"0":1},"b":{},"_coverageSchema":"1a1c01bbd47fc00a2c39e90264f33305004495a9","hash":"89b558761f07be4ac1fa230eb8196d5b890a39e5"}
,"C:\\Users\\hridyesh.sharma\\OneDrive - InnovaSolutions\\Work\\Week3\\testing_Node\\js\\sum.js": {"path":"C:\\Users\\hridyesh.sharma\\OneDrive - InnovaSolutions\\Work\\Week3\\testing_Node\\js\\sum.js","statementMap":{"0":{"start":{"line":2,"column":4},"end":{"line":2,"column":14}},"1":{"start":{"line":6,"column":4},"end":{"line":6,"column":35}},"2":{"start":{"line":9,"column":0},"end":{"line":9,"column":19}}},"fnMap":{"0":{"name":"sum","decl":{"start":{"line":1,"column":9},"end":{"line":1,"column":12}},"loc":{"start":{"line":1,"column":17},"end":{"line":3,"column":1}},"line":1},"1":{"name":"helper","decl":{"start":{"line":5,"column":9},"end":{"line":5,"column":15}},"loc":{"start":{"line":5,"column":17},"end":{"line":7,"column":1}},"line":5}},"branchMap":{},"s":{"0":1,"1":0,"2":1},"f":{"0":1,"1":0},"b":{},"_coverageSchema":"1a1c01bbd47fc00a2c39e90264f33305004495a9","hash":"6d6a7a65e91e1293b205d23d6b994ab969675f69"}
,"C:\\Users\\hridyesh.sharma\\OneDrive - InnovaSolutions\\Work\\Week3\\testing_Node\\js\\sync.testing.js": {"path":"C:\\Users\\hridyesh.sharma\\OneDrive - InnovaSolutions\\Work\\Week3\\testing_Node\\js\\sync.testing.js","statementMap":{"0":{"start":{"line":2,"column":2},"end":{"line":2,"column":15}},"1":{"start":{"line":5,"column":0},"end":{"line":5,"column":24}}},"fnMap":{"0":{"name":"multiply","decl":{"start":{"line":1,"column":9},"end":{"line":1,"column":17}},"loc":{"start":{"line":1,"column":24},"end":{"line":3,"column":1}},"line":1}},"branchMap":{},"s":{"0":2,"1":1},"f":{"0":2},"b":{},"_coverageSchema":"1a1c01bbd47fc00a2c39e90264f33305004495a9","hash":"3f03690bea64e0249b5495da1847a156970fef10"}
}
