TN:
SF:js\async_callbacks.js
FN:1,fetchData
FN:2,(anonymous_1)
FNF:2
FNH:2
FNDA:2,fetchData
FNDA:2,(anonymous_1)
DA:2,2
DA:3,2
DA:7,2
LF:3
LH:3
BRF:0
BRH:0
end_of_record
TN:
SF:js\cloneArray.js
FN:1,cloneArray
FNF:1
FNH:1
FNDA:2,cloneArray
DA:2,2
DA:4,1
LF:2
LH:2
BRF:0
BRH:0
end_of_record
TN:
SF:js\discount.js
FN:2,calculateDiscount
FNF:1
FNH:1
FNDA:6,calculateDiscount
DA:3,6
DA:4,2
DA:7,4
DA:8,1
DA:11,3
DA:12,3
DA:15,1
LF:7
LH:7
BRDA:3,0,0,2
BRDA:3,0,1,4
BRDA:3,1,0,6
BRDA:3,1,1,5
BRDA:7,2,0,1
BRDA:7,2,1,3
BRF:6
BRH:6
end_of_record
TN:
SF:js\error.jdk.js
FN:1,compileCode
FNF:1
FNH:1
FNDA:1,compileCode
DA:2,1
DA:5,1
LF:2
LH:2
BRF:0
BRH:0
end_of_record
TN:
SF:js\subtract.js
FN:1,sum
FNF:1
FNH:1
FNDA:1,sum
DA:2,1
DA:5,1
LF:2
LH:2
BRF:0
BRH:0
end_of_record
TN:
SF:js\sum.js
FN:1,sum
FN:5,helper
FNF:2
FNH:1
FNDA:1,sum
FNDA:0,helper
DA:2,1
DA:6,0
DA:9,1
LF:3
LH:2
BRF:0
BRH:0
end_of_record
TN:
SF:js\sync.testing.js
FN:1,multiply
FNF:1
FNH:1
FNDA:2,multiply
DA:2,2
DA:5,1
LF:2
LH:2
BRF:0
BRH:0
end_of_record
